# ./configure --enable-error-concealment --enable-runtime-cpu-detect --enable-vp8 --enable-static-msvcrt --enable-realtime-only --target=x86-win32-vs9 --prefix=/cygdrive/c/Projects/libvpx/win32
Configuring selected codecs
  enabling vp8_encoder
  enabling vp8_decoder
  enabling vp9_encoder
  enabling vp9_decoder
Configuring for target 'x86-win32-vs9'
  enabling x86
check_cpp
BEGIN /tmp/vpx-conf-3364-27889.c
    1	#ifndef __ILP32__
    2	#error "not x32"
    3	#endif
END /tmp/vpx-conf-3364-27889.c
-o /tmp/vpx-conf-3364-27889.o /tmp/vpx-conf-3364-27889.c
./build/make/configure.sh: line 285: -E : commande introuvable
  disabling avx
  disabling avx2
  enabling runtime_cpu_detect
  enabling mmx
  enabling sse
  enabling sse2
  enabling sse3
  enabling ssse3
  enabling sse4_1
  using msvs
check_cxxflags -O3
check_cxx -O3
BEGIN /tmp/vpx-conf-3364-27889.cc
    1	int x;
END /tmp/vpx-conf-3364-27889.cc
-O3 -c -o /tmp/vpx-conf-3364-27889.o /tmp/vpx-conf-3364-27889.cc
./build/make/configure.sh: line 285: -O3 : commande introuvable
check_cflags -O3
check_cc -O3
BEGIN /tmp/vpx-conf-3364-27889.c
    1	int x;
END /tmp/vpx-conf-3364-27889.c
-O3 -c -o /tmp/vpx-conf-3364-27889.o /tmp/vpx-conf-3364-27889.c
./build/make/configure.sh: line 285: -O3 : commande introuvable
  enabling use_x86inc
check_cc
BEGIN /tmp/vpx-conf-3364-27889.c
    1	    unsigned int e = 'O'<<24 | '2'<<16 | 'B'<<8 | 'E';
END /tmp/vpx-conf-3364-27889.c
-c -o /tmp/vpx-conf-3364-27889.o /tmp/vpx-conf-3364-27889.c
./build/make/configure.sh: line 285: -c : commande introuvable
check_cc
BEGIN /tmp/vpx-conf-3364-27889.c
    1	    static inline function() {}
END /tmp/vpx-conf-3364-27889.c
-c -o /tmp/vpx-conf-3364-27889.o /tmp/vpx-conf-3364-27889.c
./build/make/configure.sh: line 285: -c : commande introuvable
check_cc
BEGIN /tmp/vpx-conf-3364-27889.c
    1	    static __attribute__((always_inline)) function() {}
END /tmp/vpx-conf-3364-27889.c
-c -o /tmp/vpx-conf-3364-27889.o /tmp/vpx-conf-3364-27889.c
./build/make/configure.sh: line 285: -c : commande introuvable
  disabling ccache
  enabling postproc
  enabling unit_tests
fake_check_header stdio.h
fake_check_header stdint.h
fake_check_header pthread.h
fake_check_header sys/mman.h
fake_check_header unistd.h
fake_check_header vpx/vpx_integer.h -I/cygdrive/c/Projects/libvpx
